WARNING : Project's CLI version could not be detected from `requirements.txt`.
WARNING : Try `pretext init --refresh` to produce a compatible file.
INFO    : Building target web
ERROR   : XInclude Error caused build to fail:
ERROR   : file:/C:/Users/sgopalk/OneDrive%20-%20George%20Mason%20University%20-%20O365%20Production/OER/fopp-fnFirst_gk/pretext/SimplePythonData/intro-VariablesExpressionsandStatements.ptx:61:14:FATAL:PARSER:ERR_TAG_NAME_MISMATCH: Opening and ending tag mismatch: ul line 50 and li
file:/C:/Users/sgopalk/OneDrive%20-%20George%20Mason%20University%20-%20O365%20Production/OER/fopp-fnFirst_gk/pretext/SimplePythonData/intro-VariablesExpressionsandStatements.ptx:74:12:FATAL:PARSER:ERR_TAG_NAME_MISMATCH: Opening and ending tag mismatch: p line 49 and ul
file:/C:/Users/sgopalk/OneDrive%20-%20George%20Mason%20University%20-%20O365%20Production/OER/fopp-fnFirst_gk/pretext/SimplePythonData/intro-VariablesExpressionsandStatements.ptx:75:9:FATAL:PARSER:ERR_TAG_NAME_MISMATCH: Opening and ending tag mismatch: subsection line 47 and p
file:/C:/Users/sgopalk/OneDrive%20-%20George%20Mason%20University%20-%20O365%20Production/OER/fopp-fnFirst_gk/pretext/SimplePythonData/intro-VariablesExpressionsandStatements.ptx:76:16:FATAL:PARSER:ERR_TAG_NAME_MISMATCH: Opening and ending tag mismatch: section line 2 and subsection
file:/C:/Users/sgopalk/OneDrive%20-%20George%20Mason%20University%20-%20O365%20Production/OER/fopp-fnFirst_gk/pretext/SimplePythonData/intro-VariablesExpressionsandStatements.ptx:77:1:FATAL:PARSER:ERR_DOCUMENT_END: Extra content at the end of the document
file:/C:/Users/sgopalk/OneDrive%20-%20George%20Mason%20University%20-%20O365%20Production/OER/fopp-fnFirst_gk/pretext/SimplePythonData/toctree.ptx:8:0:ERROR:XINCLUDE:XINCLUDE_NO_FALLBACK: could not load file:/C:/Users/sgopalk/OneDrive%20-%20George%20Mason%20University%20-%20O365%20Production/OER/fopp-fnFirst_gk/pretext/SimplePythonData/intro-VariablesExpressionsandStatements.ptx, and no fallback was found
file:/C:/Users/sgopalk/OneDrive%20-%20George%20Mason%20University%20-%20O365%20Production/OER/fopp-fnFirst_gk/pretext/SimplePythonData/Values.ptx:51:29:FATAL:PARSER:ERR_TAG_NAME_MISMATCH: Opening and ending tag mismatch: section line 2 and p
file:/C:/Users/sgopalk/OneDrive%20-%20George%20Mason%20University%20-%20O365%20Production/OER/fopp-fnFirst_gk/pretext/SimplePythonData/Values.ptx:53:3:FATAL:PARSER:ERR_DOCUMENT_END: Extra content at the end of the document
file:/C:/Users/sgopalk/OneDrive%20-%20George%20Mason%20University%20-%20O365%20Production/OER/fopp-fnFirst_gk/pretext/SimplePythonData/toctree.ptx:9:0:ERROR:XINCLUDE:XINCLUDE_NO_FALLBACK: could not load file:/C:/Users/sgopalk/OneDrive%20-%20George%20Mason%20University%20-%20O365%20Production/OER/fopp-fnFirst_gk/pretext/SimplePythonData/Values.ptx, and no fallback was found
CRITICAL: XML syntax for source file is invalid
INFO    : ------------------------
CRITICAL: Failed to build.  Exiting...
INFO    : 
----------------------------------------------------
INFO    : While running pretext, the following errors occurred:

INFO    : (see log messages above or in the 'logs' folder for more information)
INFO    : ----------------------------------------------------
