WARNING : Project's CLI version could not be detected from `requirements.txt`.
WARNING : Try `pretext init --refresh` to produce a compatible file.
INFO    : Building target web
INFO    : XSL conversion of /Users/shaunak/fopp-fnFirst_gk/pretext/main.ptx by /Users/shaunak/.ptx/2.25.1/core/xsl/utilities/pretext-enhanced-source.xsl
INFO    : successful application of /Users/shaunak/.ptx/2.25.1/core/xsl/utilities/pretext-enhanced-source.xsl
INFO    : Generating any needed assets.
INFO    : XSL conversion of /Users/shaunak/fopp-fnFirst_gk/pretext/main.ptx by /Users/shaunak/.ptx/2.25.1/core/xsl/utilities/pretext-enhanced-source.xsl
INFO    : successful application of /Users/shaunak/.ptx/2.25.1/core/xsl/utilities/pretext-enhanced-source.xsl
INFO    : XSL conversion of /Users/shaunak/fopp-fnFirst_gk/pretext/main.ptx by /Users/shaunak/.ptx/2.25.1/core/xsl/utilities/pretext-enhanced-source.xsl
INFO    : successful application of /Users/shaunak/.ptx/2.25.1/core/xsl/utilities/pretext-enhanced-source.xsl
INFO    : XSL conversion of /Users/shaunak/fopp-fnFirst_gk/pretext/main.ptx by /Users/shaunak/.ptx/2.25.1/core/xsl/utilities/pretext-enhanced-source.xsl
INFO    : successful application of /Users/shaunak/.ptx/2.25.1/core/xsl/utilities/pretext-enhanced-source.xsl
INFO    : XSL conversion of /Users/shaunak/fopp-fnFirst_gk/pretext/main.ptx by /Users/shaunak/.ptx/2.25.1/core/xsl/utilities/pretext-enhanced-source.xsl
INFO    : successful application of /Users/shaunak/.ptx/2.25.1/core/xsl/utilities/pretext-enhanced-source.xsl
INFO    : XSL conversion of /Users/shaunak/fopp-fnFirst_gk/pretext/main.ptx by /Users/shaunak/.ptx/2.25.1/core/xsl/utilities/pretext-enhanced-source.xsl
INFO    : successful application of /Users/shaunak/.ptx/2.25.1/core/xsl/utilities/pretext-enhanced-source.xsl
INFO    : XSL conversion of /Users/shaunak/fopp-fnFirst_gk/pretext/main.ptx by /Users/shaunak/.ptx/2.25.1/core/xsl/utilities/pretext-enhanced-source.xsl
INFO    : successful application of /Users/shaunak/.ptx/2.25.1/core/xsl/utilities/pretext-enhanced-source.xsl
INFO    : XSL conversion of /Users/shaunak/fopp-fnFirst_gk/pretext/main.ptx by /Users/shaunak/.ptx/2.25.1/core/xsl/utilities/pretext-enhanced-source.xsl
INFO    : successful application of /Users/shaunak/.ptx/2.25.1/core/xsl/utilities/pretext-enhanced-source.xsl
INFO    : XSL conversion of /Users/shaunak/fopp-fnFirst_gk/pretext/main.ptx by /Users/shaunak/.ptx/2.25.1/core/xsl/utilities/pretext-enhanced-source.xsl
INFO    : successful application of /Users/shaunak/.ptx/2.25.1/core/xsl/utilities/pretext-enhanced-source.xsl
INFO    : XSL conversion of /Users/shaunak/fopp-fnFirst_gk/pretext/main.ptx by /Users/shaunak/.ptx/2.25.1/core/xsl/utilities/pretext-enhanced-source.xsl
INFO    : successful application of /Users/shaunak/.ptx/2.25.1/core/xsl/utilities/pretext-enhanced-source.xsl
INFO    : XSL conversion of /Users/shaunak/fopp-fnFirst_gk/pretext/main.ptx by /Users/shaunak/.ptx/2.25.1/core/xsl/utilities/pretext-enhanced-source.xsl
INFO    : successful application of /Users/shaunak/.ptx/2.25.1/core/xsl/utilities/pretext-enhanced-source.xsl
INFO    : XSL conversion of /Users/shaunak/fopp-fnFirst_gk/pretext/main.ptx by /Users/shaunak/.ptx/2.25.1/core/xsl/utilities/pretext-enhanced-source.xsl
INFO    : successful application of /Users/shaunak/.ptx/2.25.1/core/xsl/utilities/pretext-enhanced-source.xsl
INFO    : XSL conversion of /Users/shaunak/fopp-fnFirst_gk/pretext/main.ptx by /Users/shaunak/.ptx/2.25.1/core/xsl/utilities/pretext-enhanced-source.xsl
INFO    : successful application of /Users/shaunak/.ptx/2.25.1/core/xsl/utilities/pretext-enhanced-source.xsl
INFO    : XSL conversion of /Users/shaunak/fopp-fnFirst_gk/pretext/main.ptx by /Users/shaunak/.ptx/2.25.1/core/xsl/utilities/pretext-enhanced-source.xsl
INFO    : successful application of /Users/shaunak/.ptx/2.25.1/core/xsl/utilities/pretext-enhanced-source.xsl
INFO    : XSL conversion of /Users/shaunak/fopp-fnFirst_gk/pretext/main.ptx by /Users/shaunak/.ptx/2.25.1/core/xsl/utilities/pretext-enhanced-source.xsl
INFO    : successful application of /Users/shaunak/.ptx/2.25.1/core/xsl/utilities/pretext-enhanced-source.xsl
INFO    : XSL conversion of /Users/shaunak/fopp-fnFirst_gk/pretext/main.ptx by /Users/shaunak/.ptx/2.25.1/core/xsl/utilities/pretext-enhanced-source.xsl
INFO    : successful application of /Users/shaunak/.ptx/2.25.1/core/xsl/utilities/pretext-enhanced-source.xsl
INFO    : Finished generating assets.

INFO    : Preparing to build into /Users/shaunak/fopp-fnFirst_gk/output/web.
WARNING : Node version must be at least 18 to build CSS files.  Please update node.js and npm.
 Will try to use prebuilt CSS files instead.
INFO    : discovering source file's directory name: /Users/shaunak/fopp-fnFirst_gk/pretext
INFO    : verifying and expanding input directory: /Users/shaunak/fopp-fnFirst_gk/pretext/GenFigs
INFO    : input directory expanded to absolute path: /Users/shaunak/fopp-fnFirst_gk/pretext/GenFigs
INFO    : verifying and expanding input directory: /Users/shaunak/fopp-fnFirst_gk/pretext/Figures
INFO    : input directory expanded to absolute path: /Users/shaunak/fopp-fnFirst_gk/pretext/Figures
INFO    : discovering source file's directory name: /Users/shaunak/fopp-fnFirst_gk/pretext
INFO    : XSL conversion of /Users/shaunak/fopp-fnFirst_gk/pretext/main.ptx by /Users/shaunak/.ptx/2.25.1/core/xsl/utilities/report-publisher-variables.xsl
INFO    : successful application of /Users/shaunak/.ptx/2.25.1/core/xsl/utilities/report-publisher-variables.xsl
INFO    : Downloading rs services file from https://runestone.academy/cdn/runestone/latest/webpack_static_imports.xml.
INFO    : Runestone Services via online CDN query: version 7.9.5
INFO    : Downloading Runestone Services, version 7.9.5
INFO    : Extracting Runestone Services from archive file
INFO    : CSSBuilder packages not installed. Relying on prebuilt default-modern. To fix this, run 'npm install' in the pretext/script/cssbuilder directory. https://pretextbook.org/doc/guide/html/node-and-npm.html
INFO    : Using prebuilt CSS theme: default-modern with options: {'options': {'primary-color': '#195684', 'secondary-color': '#932c1c'}, 'contrast-checks': {'primary-color': '#fff', 'secondary-color': '#fff', 'primary-color-dark': '#23241f'}}
INFO    : converting /Users/shaunak/fopp-fnFirst_gk/pretext/main.ptx to HTML in /var/folders/h_/gmm53yx52bd4xx571db4b1k40000gn/T/ptx-tb5v5a11
INFO    : XSL conversion of /Users/shaunak/fopp-fnFirst_gk/pretext/main.ptx by /Users/shaunak/.ptx/2.25.1/core/xsl/pretext-html.xsl
INFO    : messages from the log for XSL processing:
INFO    : * PTX:INFO:   checking ONLY the last TWO YEARS of element deprecations.
Rerun with the string parameter "author.deprecations.all" set to "yes" to check your source against all deprecations.
WARNING : * PTX:WARNING: There are apparent XML elements in locations that should be text only (14 times).
WARNING : * PTX:WARNING: There is an apparent XML element (<code>) inside an <pre> element, which should only contain text.  Using an escaped "less than" ('&lt;') might be the solution, or using a CDATA section.
INFO    : *              located within: "intro-to-git_cloning-a-repository" (xml:id), "Cloning a Repository" (title)
WARNING : * PTX:WARNING: There is an apparent XML element (<code>) inside an <pre> element, which should only contain text.  Using an escaped "less than" ('&lt;') might be the solution, or using a CDATA section.
INFO    : *              located within: "intro-to-git_staging-and-committing" (xml:id), "Staging and Committing" (title)
WARNING : * PTX:WARNING: There is an apparent XML element (<code>) inside an <pre> element, which should only contain text.  Using an escaped "less than" ('&lt;') might be the solution, or using a CDATA section.
INFO    : *              located within: "intro-to-git_staging-and-committing" (xml:id), "Staging and Committing" (title)
WARNING : * PTX:WARNING: There is an apparent XML element (<code>) inside an <pre> element, which should only contain text.  Using an escaped "less than" ('&lt;') might be the solution, or using a CDATA section.
INFO    : *              located within: "intro-to-git_staging-and-committing" (xml:id), "Staging and Committing" (title)
WARNING : * PTX:WARNING: There is an apparent XML element (<code>) inside an <pre> element, which should only contain text.  Using an escaped "less than" ('&lt;') might be the solution, or using a CDATA section.
INFO    : *              located within: "intro-to-git_staging-and-committing" (xml:id), "Staging and Committing" (title)
WARNING : * PTX:WARNING: There is an apparent XML element (<code>) inside an <pre> element, which should only contain text.  Using an escaped "less than" ('&lt;') might be the solution, or using a CDATA section.
INFO    : *              located within: "intro-to-git_pushing-and-pulling" (xml:id), "Pushing and Pulling" (title)
WARNING : * PTX:WARNING: There is an apparent XML element (<code>) inside an <pre> element, which should only contain text.  Using an escaped "less than" ('&lt;') might be the solution, or using a CDATA section.
INFO    : *              located within: "intro-to-git_pushing-and-pulling" (xml:id), "Pushing and Pulling" (title)
WARNING : * PTX:WARNING: There is an apparent XML element (<code>) inside an <pre> element, which should only contain text.  Using an escaped "less than" ('&lt;') might be the solution, or using a CDATA section.
INFO    : *              located within: "advanced-git_conflicts" (xml:id), "Conflicts" (title)
WARNING : * PTX:WARNING: There is an apparent XML element (<code>) inside an <pre> element, which should only contain text.  Using an escaped "less than" ('&lt;') might be the solution, or using a CDATA section.
INFO    : *              located within: "advanced-git_branching" (xml:id), "Branching" (title)
WARNING : * PTX:WARNING: There is an apparent XML element (<code>) inside an <pre> element, which should only contain text.  Using an escaped "less than" ('&lt;') might be the solution, or using a CDATA section.
INFO    : *              located within: "advanced-git_branching" (xml:id), "Branching" (title)
WARNING : * PTX:WARNING: There is an apparent XML element (<code>) inside an <pre> element, which should only contain text.  Using an escaped "less than" ('&lt;') might be the solution, or using a CDATA section.
INFO    : *              located within: "advanced-git_branching" (xml:id), "Branching" (title)
WARNING : * PTX:WARNING: There is an apparent XML element (<code>) inside an <pre> element, which should only contain text.  Using an escaped "less than" ('&lt;') might be the solution, or using a CDATA section.
INFO    : *              located within: "advanced-git_merging" (xml:id), "Merging Branches" (title)
WARNING : * PTX:WARNING: There is an apparent XML element (<code>) inside an <pre> element, which should only contain text.  Using an escaped "less than" ('&lt;') might be the solution, or using a CDATA section.
INFO    : *              located within: "advanced-git_rebasing" (xml:id), "Rebasing" (title)
WARNING : * PTX:WARNING: There is an apparent XML element (<code>) inside an <pre> element, which should only contain text.  Using an escaped "less than" ('&lt;') might be the solution, or using a CDATA section.
INFO    : *              located within: "advanced-git_stashing" (xml:id), "Stashing" (title)
WARNING : * PTX:WARNING: In a chapter containing sections, any content that is not inside a section needs to be inside an <introduction> and/or  <conclusion>.
INFO    : *              located within: "General Introduction" (title)
WARNING : * PTX:WARNING: In a chapter containing sections, any content that is not inside a section needs to be inside an <introduction> and/or  <conclusion>.
INFO    : *              located within: "Variables, Statements, and Expressions" (title)
WARNING : * PTX:WARNING: In a chapter containing sections, any content that is not inside a section needs to be inside an <introduction> and/or  <conclusion>.
INFO    : *              located within: "Functions" (title)
WARNING : * PTX:WARNING: In a chapter containing sections, any content that is not inside a section needs to be inside an <introduction> and/or  <conclusion>.
INFO    : *              located within: "Conditionals" (title)
WARNING : * PTX:WARNING: In a chapter containing sections, any content that is not inside a section needs to be inside an <introduction> and/or  <conclusion>.
INFO    : *              located within: "Iteration" (title)
WARNING : * PTX:WARNING: In a chapter containing sections, any content that is not inside a section needs to be inside an <introduction> and/or  <conclusion>.
INFO    : *              located within: "More About Iteration" (title)
WARNING : * PTX:WARNING: In a chapter containing sections, any content that is not inside a section needs to be inside an <introduction> and/or  <conclusion>.
INFO    : *              located within: "Sequences" (title)
WARNING : * PTX:WARNING: In a chapter containing sections, any content that is not inside a section needs to be inside an <introduction> and/or  <conclusion>.
INFO    : *              located within: "Transforming Sequences" (title)
WARNING : * PTX:WARNING: In a chapter containing sections, any content that is not inside a section needs to be inside an <introduction> and/or  <conclusion>.
INFO    : *              located within: "Nested Data and Nested Iteration" (title)
WARNING : * PTX:WARNING: In a chapter containing sections, any content that is not inside a section needs to be inside an <introduction> and/or  <conclusion>.
INFO    : *              located within: "Files" (title)
WARNING : * PTX:WARNING: In a chapter containing sections, any content that is not inside a section needs to be inside an <introduction> and/or  <conclusion>.
INFO    : *              located within: "Exceptions" (title)
WARNING : * PTX:WARNING: In a chapter containing sections, any content that is not inside a section needs to be inside an <introduction> and/or  <conclusion>.
INFO    : *              located within: "Defining your own Classes" (title)
WARNING : * PTX:WARNING: In a chapter containing sections, any content that is not inside a section needs to be inside an <introduction> and/or  <conclusion>.
INFO    : *              located within: "Additional Resources" (title)
WARNING : * PTX:WARNING: In a section containing subsections, any content that is not inside a subsection needs to be inside an <introduction> and/or  <conclusion>.
INFO    : *              located within: "general-intro_introduction-the-way-of-the-program" (xml:id), "The Way of the Program" (title)
WARNING : * PTX:WARNING: In a section containing subsections, any content that is not inside a subsection needs to be inside an <introduction> and/or  <conclusion>.
INFO    : *              located within: "simple-python-data_introduction" (xml:id), "Introduction" (title)
WARNING : * PTX:WARNING: In a section containing subsections, any content that is not inside a subsection needs to be inside an <introduction> and/or  <conclusion>.
INFO    : *              located within: "simple-python-data_reassignment" (xml:id), "Reassignment" (title)
WARNING : * PTX:WARNING: In a section containing subsections, any content that is not inside a subsection needs to be inside an <introduction> and/or  <conclusion>.
INFO    : *              located within: "debugging_introduction-to-debugging" (xml:id), "Introduction to Debugging" (title)
WARNING : * PTX:WARNING: In a section containing subsections, any content that is not inside a subsection needs to be inside an <introduction> and/or  <conclusion>.
INFO    : *              located within: "debugging_semantic-errors" (xml:id), "Semantic Errors" (title)
WARNING : * PTX:WARNING: In a section containing subsections, any content that is not inside a subsection needs to be inside an <introduction> and/or  <conclusion>.
INFO    : *              located within: "debugging_know-your-error-messages" (xml:id), "Know Your Error Messages" (title)
WARNING : * PTX:WARNING: In a section containing subsections, any content that is not inside a subsection needs to be inside an <introduction> and/or  <conclusion>.
INFO    : *              located within: "functions_introduction-to-functions" (xml:id), "Introduction to Functions" (title)
WARNING : * PTX:WARNING: In a section containing subsections, any content that is not inside a subsection needs to be inside an <introduction> and/or  <conclusion>.
INFO    : *              located within: "conditionals_intro-what-we-can-do-with-conditionals" (xml:id), "Intro: What we can do with Conditionals" (title)
WARNING : * PTX:WARNING: In a section containing subsections, any content that is not inside a subsection needs to be inside an <introduction> and/or  <conclusion>.
INFO    : *              located within: "conditionals_setting-up-conditionals" (xml:id), "Setting Up Conditionals" (title)
WARNING : * PTX:WARNING: In a section containing subsections, any content that is not inside a subsection needs to be inside an <introduction> and/or  <conclusion>.
INFO    : *              located within: "iteration_introduction" (xml:id), "Introduction" (title)
WARNING : * PTX:WARNING: In a section containing subsections, any content that is not inside a subsection needs to be inside an <introduction> and/or  <conclusion>.
INFO    : *              located within: "iteration_the-listener-loop" (xml:id), "The Listener Loop" (title)
WARNING : * PTX:WARNING: In a section containing subsections, any content that is not inside a subsection needs to be inside an <introduction> and/or  <conclusion>.
INFO    : *              located within: "sequences_introduction-sequences" (xml:id), "Introduction: Sequences" (title)
WARNING : * PTX:WARNING: In a section containing subsections, any content that is not inside a subsection needs to be inside an <introduction> and/or  <conclusion>.
INFO    : *              located within: "sequences_strings-and-lists" (xml:id), "Strings and Lists" (title)
WARNING : * PTX:WARNING: In a section containing subsections, any content that is not inside a subsection needs to be inside an <introduction> and/or  <conclusion>.
INFO    : *              located within: "sequences_index-operator-working-with-the-characters-of-a-string" (xml:id), "Index Operator: Working with the Characters of a String" (title)
WARNING : * PTX:WARNING: In a section containing subsections, any content that is not inside a subsection needs to be inside an <introduction> and/or  <conclusion>.
INFO    : *              located within: "sequences_the-slice-operator" (xml:id), "The Slice Operator" (title)
WARNING : * PTX:WARNING: In a section containing subsections, any content that is not inside a subsection needs to be inside an <introduction> and/or  <conclusion>.
INFO    : *              located within: "sequences_count-and-index" (xml:id), "Count and Index" (title)
WARNING : * PTX:WARNING: In a section containing subsections, any content that is not inside a subsection needs to be inside an <introduction> and/or  <conclusion>.
INFO    : *              located within: "transforming-sequences_introduction-transforming-sequences" (xml:id), "Introduction: Transforming Sequences" (title)
WARNING : * PTX:WARNING: In a section containing subsections, any content that is not inside a subsection needs to be inside an <introduction> and/or  <conclusion>.
INFO    : *              located within: "transforming-sequences_mutability" (xml:id), "Mutability" (title)
WARNING : * PTX:WARNING: In a section containing subsections, any content that is not inside a subsection needs to be inside an <introduction> and/or  <conclusion>.
INFO    : *              located within: "transforming-sequences_mutating-methods" (xml:id), "Mutating Methods" (title)
WARNING : * PTX:WARNING: In a section containing subsections, any content that is not inside a subsection needs to be inside an <introduction> and/or  <conclusion>.
INFO    : *              located within: "transforming-sequences_non-mutating-methods-on-strings" (xml:id), "Non-mutating Methods on Strings" (title)
WARNING : * PTX:WARNING: In a section containing subsections, any content that is not inside a subsection needs to be inside an <introduction> and/or  <conclusion>.
INFO    : *              located within: "files_introduction-working-with-data-files" (xml:id), "Introduction: Working with Data Files" (title)
WARNING : * PTX:WARNING: In a section containing subsections, any content that is not inside a subsection needs to be inside an <introduction> and/or  <conclusion>.
INFO    : *              located within: "exceptions_when-to-use-try-except" (xml:id), "Handling Exceptions" (title)
WARNING : * PTX:WARNING: In a section containing subsections, any content that is not inside a subsection needs to be inside an <introduction> and/or  <conclusion>.
INFO    : *              located within: "additional_resources-command_line" (xml:id), "The Command Line" (title)
WARNING : * PTX:WARNING: In a section containing subsections, any content that is not inside a subsection needs to be inside an <introduction> and/or  <conclusion>.
INFO    : *              located within: "additional_resources-intro-to-git" (xml:id), "Intro to Git" (title)
WARNING : * PTX:WARNING: In a section containing subsections, any content that is not inside a subsection needs to be inside an <introduction> and/or  <conclusion>.
INFO    : *              located within: "additional_resources-advanced-git" (xml:id), "Advanced Git" (title)
WARNING : * PTX:WARNING: In a section containing subsections, any content that is not inside a subsection needs to be inside an <introduction> and/or  <conclusion>.
INFO    : *              located within: "additional_resources-books-bookshelves" (xml:id), "Comprehensive Practice Program: Books and Bookshelves" (title)
WARNING : * PTX:DEPRECATE: (2024-10-08) elements previously included in a "titlepage" element inside the "frontmatter" (author, editor, credit, date, and event) should now be placed in "frontmatter/bibinfo".  To ensure a title page is created, put only the empty element "titlepage-items" inside "titlepage".  Until you move these elements, we will try to honor your intent. (1 time)
INFO    : *              located within: "fopp-ff" (xml:id), "Foundations of Python Programming: Functions First" (title)
INFO    : * --------------
WARNING : * PTX:DEPRECATE: (2024-11-19) program/input now should be program/code. An automatic correction will be attempted. (418 times)
INFO    : *              located within: "ac_1_2_1" (xml:id)
INFO    : *              located within: "ac1_4_1" (xml:id)
INFO    : *              located within: "clens1_4_1" (xml:id)
INFO    : *              located within: "general-intro_a-typical-first-program" (xml:id), "A Typical First Program" (title)
INFO    : *              located within: "ac1_7_1" (xml:id)
INFO    : *              located within: "general-intro_to-understand-a-program-change-it" (xml:id), "To Understand a Program, Change It!" (title)
INFO    : *              located within: "ac1_10_1" (xml:id)
INFO    : *              located within: "general-intro_comments" (xml:id), "Comments" (title)
INFO    : *              located within: "ac2_2_1" (xml:id)
INFO    : *              located within: "ac2_2_2" (xml:id)
INFO    : *              located within: "simple-python-data_values-and-data-types" (xml:id), "Printing Values" (title)
INFO    : *              located within: "ac2_3_1" (xml:id)
INFO    : *              located within: "ac2_3_2" (xml:id)
INFO    : *              located within: "ac2_3_3a" (xml:id)
INFO    : *              located within: "ac2_3_3b" (xml:id)
INFO    : *              located within: "ac2_3_3c" (xml:id)
INFO    : *              located within: "ac2_3_4" (xml:id)
INFO    : *              located within: "simple-python-data_operators-and-operands" (xml:id), "Operators and Operands" (title)
INFO    : *              located within: "simple-python-data_operators-and-operands" (xml:id), "Operators and Operands" (title)
INFO    : *              located within: "simple-python-data_operators-and-operands" (xml:id), "Operators and Operands" (title)
INFO    : *              located within: "ac2_11_1" (xml:id)
INFO    : *              located within: "simple-python-data_order-of-operations" (xml:id), "Order of Operations" (title)
INFO    : *              located within: "simple-python-data_variables" (xml:id), "Variables" (title)
INFO    : *              located within: "simple-python-data_variables" (xml:id), "Variables" (title)
INFO    : *              located within: "ac2_7_1" (xml:id)
INFO    : *              located within: "clens2_7_1" (xml:id)
INFO    : *              located within: "clens2_7_2" (xml:id)
INFO    : *              located within: "ac2_7_2" (xml:id)
INFO    : *              located within: "simple-python-data_variables" (xml:id), "Variables" (title)
INFO    : *              located within: "ac2_10_1" (xml:id)
INFO    : *              located within: "ac2_10_2" (xml:id)
INFO    : *              located within: "ac2_10_3" (xml:id)
INFO    : *              located within: "ac2_10_4" (xml:id)
INFO    : *              located within: "ac2_10_5" (xml:id)
INFO    : *              located within: "ac2_5_1" (xml:id)
INFO    : *              located within: "ac2_5_2" (xml:id)
INFO    : *              located within: "ac2_5_3" (xml:id)
INFO    : *              located within: "ac2_5_4" (xml:id)
INFO    : *              located within: "ac2_5_5" (xml:id)
INFO    : *              located within: "ac2_5_6" (xml:id)
INFO    : *              located within: "ac2_5_7" (xml:id)
INFO    : *              located within: "ac2_5_8" (xml:id)
INFO    : *              located within: "ac2_6_1" (xml:id)
INFO    : *              located within: "ac2_6_2" (xml:id)
INFO    : *              located within: "ac2_6_3" (xml:id)
INFO    : *              located within: "simple-python-data_type-conversion-functions" (xml:id), "Type conversion functions" (title)
INFO    : *              located within: "ac2_13_1" (xml:id)
INFO    : *              located within: "ac2_13_2" (xml:id)
INFO    : *              located within: "clens2_13_1" (xml:id)
INFO    : *              located within: "simple-python-data_reassignment_developing-your-mental-model-of-how-python-evaluates" (xml:id), "Developing your mental model of How Python Evaluates" (title)
INFO    : *              located within: "simple-python-data_updating-variables" (xml:id), "Updating Variables" (title)
INFO    : *              located within: "ac2_14_1" (xml:id)
INFO    : *              located within: "ac2_14_2" (xml:id)
INFO    : *              located within: "ac2_14_3" (xml:id)
INFO    : *              located within: "simple-python-data_updating-variables" (xml:id), "Updating Variables" (title)
INFO    : *              located within: "simple-python-data_updating-variables" (xml:id), "Updating Variables" (title)
INFO    : *              located within: "hard_coding_example" (xml:id)
INFO    : *              located within: "simple-python-data_input" (xml:id), "Input" (title)
INFO    : *              located within: "ac2_16_1" (xml:id)
INFO    : *              located within: "ac2_16_2" (xml:id)
INFO    : *              located within: "simple-python-data_input" (xml:id), "Input" (title)
INFO    : *              located within: "assignment statement" (title)
INFO    : *              located within: "square_def" (xml:id)
INFO    : *              located within: "assess_ps_01_01_editor" (xml:id)
INFO    : *              located within: "assess_ps_01_02_editor" (xml:id)
INFO    : *              located within: "simple-python-data_chapter-assessment" (xml:id), "Chapter Assessment" (title)
INFO    : *              located within: "debug_syntaxerr" (xml:id)
INFO    : *              located within: "debug_rterr" (xml:id)
INFO    : *              located within: "logicerr_sum" (xml:id)
INFO    : *              located within: "debugging_know-your-error-messages" (xml:id), "Know Your Error Messages" (title)
INFO    : *              located within: "ac3_6_1" (xml:id)
INFO    : *              located within: "debugging_syntaxerror" (xml:id), "SyntaxError" (title)
INFO    : *              located within: "debugging_syntaxerror" (xml:id), "SyntaxError" (title)
INFO    : *              located within: "ac3_6_4" (xml:id)
INFO    : *              located within: "ac3_6_5" (xml:id)
INFO    : *              located within: "ac3_6_6" (xml:id)
INFO    : *              located within: "ac3_6_8" (xml:id)
INFO    : *              located within: "ac4_3_1" (xml:id)
INFO    : *              located within: "functions_function-invocation" (xml:id), "Writing and Calling Basic Functions" (title)
INFO    : *              located within: "functions_function-invocation" (xml:id), "Writing and Calling Basic Functions" (title)
INFO    : *              located within: "ac4_5_1a" (xml:id)
INFO    : *              located within: "ac4_5_1_params" (xml:id)
INFO    : *              located within: "ac4_5_2_params" (xml:id)
INFO    : *              located within: "ac4_2_1_alt" (xml:id)
INFO    : *              located within: "ac4_5_1" (xml:id)
INFO    : *              located within: "clens4_5_2" (xml:id)
INFO    : *              located within: "ac4_5_2" (xml:id)
INFO    : *              located within: "functions_returning-a-value-from-a-function" (xml:id), "Returning a value from a function" (title)
INFO    : *              located within: "functions_returning-a-value-from-a-function" (xml:id), "Returning a value from a function" (title)
INFO    : *              located within: "functions_returning-a-value-from-a-function" (xml:id), "Returning a value from a function" (title)
INFO    : *              located within: "functions_returning-a-value-from-a-function" (xml:id), "Returning a value from a function" (title)
INFO    : *              located within: "functions_returning-a-value-from-a-function" (xml:id), "Returning a value from a function" (title)
INFO    : *              located within: "functions_returning-a-value-from-a-function" (xml:id), "Returning a value from a function" (title)
INFO    : *              located within: "ac4_5_4_editor" (xml:id)
INFO    : *              located within: "ac4_5_5_editor" (xml:id)
INFO    : *              located within: "ac4_5_6_editor" (xml:id)
INFO    : *              located within: "ac4_5_7_editor" (xml:id)
INFO    : *              located within: "ac4_5_8_editor" (xml:id)
INFO    : *              located within: "ac4_5_9_editor" (xml:id)
INFO    : *              located within: "functions_function-definition" (xml:id), "Function Definition" (title)
INFO    : *              located within: "functions_function-definition" (xml:id), "Function Definition" (title)
INFO    : *              located within: "ac4_2_1" (xml:id)
INFO    : *              located within: "functions_decoding-a-function" (xml:id), "Decoding a Function" (title)
INFO    : *              located within: "functions_decoding-a-function" (xml:id), "Decoding a Function" (title)
INFO    : *              located within: "functions_decoding-a-function" (xml:id), "Decoding a Function" (title)
INFO    : *              located within: "functions_decoding-a-function" (xml:id), "Decoding a Function" (title)
INFO    : *              located within: "functions_type-annotations" (xml:id), "Type Annotations" (title)
INFO    : *              located within: "ac4_7_1" (xml:id)
INFO    : *              located within: "ac4_7_2" (xml:id)
INFO    : *              located within: "functions_type-annotations" (xml:id), "Type Annotations" (title)
INFO    : *              located within: "ac4_8_1" (xml:id)
INFO    : *              located within: "functions_variables-and-parameters-are-local" (xml:id), "Variables and parameters are local" (title)
INFO    : *              located within: "functions_variables-and-parameters-are-local" (xml:id), "Variables and parameters are local" (title)
INFO    : *              located within: "functions_variables-and-parameters-are-local" (xml:id), "Variables and parameters are local" (title)
INFO    : *              located within: "functions_variables-and-parameters-are-local" (xml:id), "Variables and parameters are local" (title)
INFO    : *              located within: "functions_variables-and-parameters-are-local" (xml:id), "Variables and parameters are local" (title)
INFO    : *              located within: "functions_variables-and-parameters-are-local" (xml:id), "Variables and parameters are local" (title)
INFO    : *              located within: "ac4_9_1" (xml:id)
INFO    : *              located within: "clens4_9_1" (xml:id)
INFO    : *              located within: "clens4_9_2" (xml:id)
INFO    : *              located within: "clens4_9_3" (xml:id)
INFO    : *              located within: "functions_global-variables" (xml:id), "Global Variables" (title)
INFO    : *              located within: "clens4_10_1" (xml:id)
INFO    : *              located within: "functions_functions-can-call-other-functions-composition" (xml:id), "Functions can call other functions (Composition)" (title)
INFO    : *              located within: "ac4_10_1_editor" (xml:id)
INFO    : *              located within: "functions_flow-of-execution-summary" (xml:id), "Flow of Execution Summary" (title)
INFO    : *              located within: "functions_print-vs-return" (xml:id), "Print vs. return" (title)
INFO    : *              located within: "functions_print-vs-return" (xml:id), "Print vs. return" (title)
INFO    : *              located within: "compound statement" (title)
INFO    : *              located within: "ac11_15_1_editor" (xml:id)
INFO    : *              located within: "ac4_15_2_editor" (xml:id)
INFO    : *              located within: "ac4_15_3_editor" (xml:id)
INFO    : *              located within: "ac4_15_4_editor" (xml:id)
INFO    : *              located within: "ac4_15_5_editor" (xml:id)
INFO    : *              located within: "ac4_15_6_editor" (xml:id)
INFO    : *              located within: "conditionals_intro-what-we-can-do-with-conditionals" (xml:id), "Intro: What we can do with Conditionals" (title)
INFO    : *              located within: "ac5_2_1" (xml:id)
INFO    : *              located within: "ac5_2_2" (xml:id)
INFO    : *              located within: "ac5_2_3" (xml:id)
INFO    : *              located within: "conditionals_boolean-values-and-boolean-expressions" (xml:id), "Boolean Values and Boolean Expressions" (title)
INFO    : *              located within: "ac5_3_1" (xml:id)
INFO    : *              located within: "ac5_3_2" (xml:id)
INFO    : *              located within: "ac5_4_1" (xml:id)
INFO    : *              located within: "ac5_4_2" (xml:id)
INFO    : *              located within: "ac5_4_3" (xml:id)
INFO    : *              located within: "ac5_5_1" (xml:id)
INFO    : *              located within: "Common Mistake!" (title)
INFO    : *              located within: "ac5_6_1" (xml:id)
INFO    : *              located within: "conditionals_conditional-execution-binary-selection" (xml:id), "Conditional Execution: Binary Selection" (title)
INFO    : *              located within: "conditionals_conditional-execution-binary-selection" (xml:id), "Conditional Execution: Binary Selection" (title)
INFO    : *              located within: "conditionals_conditional-execution-binary-selection" (xml:id), "Conditional Execution: Binary Selection" (title)
INFO    : *              located within: "ac5_6_4_editor" (xml:id)
INFO    : *              located within: "ac5_7_1" (xml:id)
INFO    : *              located within: "conditionals_omitting-the-else-clause-unary-selection" (xml:id), "Omitting the else Clause: Unary Selection" (title)
INFO    : *              located within: "conditionals_omitting-the-else-clause-unary-selection" (xml:id), "Omitting the else Clause: Unary Selection" (title)
INFO    : *              located within: "conditionals_nested-conditionals" (xml:id), "Nested conditionals" (title)
INFO    : *              located within: "ac5_8_1" (xml:id)
INFO    : *              located within: "conditionals_nested-conditionals" (xml:id), "Nested conditionals" (title)
INFO    : *              located within: "conditionals_chained-conditionals" (xml:id), "Chained conditionals" (title)
INFO    : *              located within: "ac5_9_1" (xml:id)
INFO    : *              located within: "conditionals_chained-conditionals" (xml:id), "Chained conditionals" (title)
INFO    : *              located within: "conditionals_chained-conditionals" (xml:id), "Chained conditionals" (title)
INFO    : *              located within: "conditionals_chained-conditionals" (xml:id), "Chained conditionals" (title)
INFO    : *              located within: "conditionals_chained-conditionals" (xml:id), "Chained conditionals" (title)
INFO    : *              located within: "conditionals_chained-conditionals" (xml:id), "Chained conditionals" (title)
INFO    : *              located within: "ac7_9_2_editor" (xml:id)
INFO    : *              located within: "ac5_3_3" (xml:id)
INFO    : *              located within: "ac5_3_4" (xml:id)
INFO    : *              located within: "ac6_2_1" (xml:id)
INFO    : *              located within: "clens6_2_1" (xml:id)
INFO    : *              located within: "more-about-iteration_the-while-statement" (xml:id), "The while Statement" (title)
INFO    : *              located within: "ac14_2_2_editor" (xml:id)
INFO    : *              located within: "ac14_2_4_editor" (xml:id)
INFO    : *              located within: "ac6_3_1" (xml:id)
INFO    : *              located within: "ac6_3_2" (xml:id)
INFO    : *              located within: "ac6_3_3" (xml:id)
INFO    : *              located within: "ac6_4_1" (xml:id)
INFO    : *              located within: "ac6_4_2" (xml:id)
INFO    : *              located within: "iteration_infinite-loops" (xml:id), "Infinite Loops" (title)
INFO    : *              located within: "ac6_5_1" (xml:id)
INFO    : *              located within: "ac14_11_3" (xml:id)
INFO    : *              located within: "iteration_infinite-loops" (xml:id), "Infinite Loops" (title)
INFO    : *              located within: "ac6_6_1_editor" (xml:id)
INFO    : *              located within: "ac6_6_2_editor" (xml:id)
INFO    : *              located within: "ac6_6_3_editor" (xml:id)
INFO    : *              located within: "ac6_6_4_editor" (xml:id)
INFO    : *              located within: "ac6_6_5_editor" (xml:id)
INFO    : *              located within: "ac6_6_6_editor" (xml:id)
INFO    : *              located within: "ac7_2_1" (xml:id)
INFO    : *              located within: "vtest" (xml:id)
INFO    : *              located within: "ac7_4_1" (xml:id)
INFO    : *              located within: "more-about-iteration_strings-and-for-loops" (xml:id), "Strings and for loops" (title)
INFO    : *              located within: "ac7_5_1" (xml:id)
INFO    : *              located within: "clens7_5_1" (xml:id)
INFO    : *              located within: "ac7_5_2" (xml:id)
INFO    : *              located within: "ac7_5_3" (xml:id)
INFO    : *              located within: "ac7_5_4" (xml:id)
INFO    : *              located within: "more-about-iteration_the-accumulator-pattern" (xml:id), "The Accumulator Pattern" (title)
INFO    : *              located within: "ac7_5_5_editor" (xml:id)
INFO    : *              located within: "ac7_5_6_editor" (xml:id)
INFO    : *              located within: "ac7_6_1" (xml:id)
INFO    : *              located within: "ac7_6_2" (xml:id)
INFO    : *              located within: "ac7_6_3" (xml:id)
INFO    : *              located within: "ac7_6_4" (xml:id)
INFO    : *              located within: "ac7_7_1" (xml:id)
INFO    : *              located within: "ac7_7_2" (xml:id)
INFO    : *              located within: "for loop traversal (for)" (title)
INFO    : *              located within: "sequences_strings-and-lists_lists" (xml:id), "Lists" (title)
INFO    : *              located within: "sequences_strings-and-lists_lists" (xml:id), "Lists" (title)
INFO    : *              located within: "sequences_strings-and-lists_tuples" (xml:id), "Tuples" (title)
INFO    : *              located within: "ac8_2_1" (xml:id)
INFO    : *              located within: "ac8_3_1" (xml:id)
INFO    : *              located within: "ac8_3_2" (xml:id)
INFO    : *              located within: "ac8_3_3" (xml:id)
INFO    : *              located within: "sequences_index-operator-accessing-elements-of-a-list-or-tuple" (xml:id), "Index Operator: Accessing Elements of a List or Tuple" (title)
INFO    : *              located within: "sequences_index-operator-accessing-elements-of-a-list-or-tuple" (xml:id), "Index Operator: Accessing Elements of a List or Tuple" (title)
INFO    : *              located within: "sequences_index-operator-accessing-elements-of-a-list-or-tuple" (xml:id), "Index Operator: Accessing Elements of a List or Tuple" (title)
INFO    : *              located within: "ac8_3_4_editor" (xml:id)
INFO    : *              located within: "ac8_3_5_editor" (xml:id)
INFO    : *              located within: "ac8_3_6_editor" (xml:id)
INFO    : *              located within: "ac8_4_1" (xml:id)
INFO    : *              located within: "ac8_4_2" (xml:id)
INFO    : *              located within: "ac8_4_3" (xml:id)
INFO    : *              located within: "ac8_5_1" (xml:id)
INFO    : *              located within: "ac8_5_2" (xml:id)
INFO    : *              located within: "ac8_5_3" (xml:id)
INFO    : *              located within: "sequences_length" (xml:id), "Length" (title)
INFO    : *              located within: "sequences_length" (xml:id), "Length" (title)
INFO    : *              located within: "ac8_5_4" (xml:id)
INFO    : *              located within: "sequences_length" (xml:id), "Length" (title)
INFO    : *              located within: "sequences_length" (xml:id), "Length" (title)
INFO    : *              located within: "ac8_5_5_editor" (xml:id)
INFO    : *              located within: "ac8_6_1" (xml:id)
INFO    : *              located within: "ac8_6_2" (xml:id)
INFO    : *              located within: "ac8_6_3" (xml:id)
INFO    : *              located within: "ac8_6_4" (xml:id)
INFO    : *              located within: "sequences_tuple-slices" (xml:id), "Tuple Slices" (title)
INFO    : *              located within: "sequences_tuple-slices" (xml:id), "Tuple Slices" (title)
INFO    : *              located within: "sequences_tuple-slices" (xml:id), "Tuple Slices" (title)
INFO    : *              located within: "ac8_6_5_editor" (xml:id)
INFO    : *              located within: "ac8_7_1" (xml:id)
INFO    : *              located within: "clens8_7_1" (xml:id)
INFO    : *              located within: "sequences_concatenation-and-repetition" (xml:id), "Concatenation and Repetition" (title)
INFO    : *              located within: "sequences_concatenation-and-repetition" (xml:id), "Concatenation and Repetition" (title)
INFO    : *              located within: "ac8_8_1" (xml:id)
INFO    : *              located within: "ac8_8_2" (xml:id)
INFO    : *              located within: "ac8_8_3" (xml:id)
INFO    : *              located within: "ac8_8_4" (xml:id)
INFO    : *              located within: "sequences_index" (xml:id), "Index" (title)
INFO    : *              located within: "sequences_index" (xml:id), "Index" (title)
INFO    : *              located within: "sequences_index" (xml:id), "Index" (title)
INFO    : *              located within: "ac8_9_1" (xml:id)
INFO    : *              located within: "ac8_9_2" (xml:id)
INFO    : *              located within: "ac8_9_3" (xml:id)
INFO    : *              located within: "ac8_9_4_editor" (xml:id)
INFO    : *              located within: "ac8_9_5_editor" (xml:id)
INFO    : *              located within: "sequences_chapter-assessment" (xml:id), "Chapter Assessment" (title)
INFO    : *              located within: "ac8_10_1_editor" (xml:id)
INFO    : *              located within: "ac8_10_2_editor" (xml:id)
INFO    : *              located within: "sequences_chapter-assessment" (xml:id), "Chapter Assessment" (title)
INFO    : *              located within: "sequences_chapter-assessment" (xml:id), "Chapter Assessment" (title)
INFO    : *              located within: "sequences_chapter-assessment" (xml:id), "Chapter Assessment" (title)
INFO    : *              located within: "sequences_chapter-assessment" (xml:id), "Chapter Assessment" (title)
INFO    : *              located within: "sequences_chapter-assessment" (xml:id), "Chapter Assessment" (title)
INFO    : *              located within: "ac8_10_3_editor" (xml:id)
INFO    : *              located within: "assess_ac2_1_1_10_editor" (xml:id)
INFO    : *              located within: "access_ac_2_1_1_11_editor" (xml:id)
INFO    : *              located within: "access_ac_2_1_1_12_editor" (xml:id)
INFO    : *              located within: "assess_ac_2_1_1_13_editor" (xml:id)
INFO    : *              located within: "ac9_2_1" (xml:id)
INFO    : *              located within: "clens9_2_1" (xml:id)
INFO    : *              located within: "ac9_2_2" (xml:id)
INFO    : *              located within: "ac9_2_3" (xml:id)
INFO    : *              located within: "ac9_2_4" (xml:id)
INFO    : *              located within: "ac9_2_5" (xml:id)
INFO    : *              located within: "ac9_2_6" (xml:id)
INFO    : *              located within: "ac9_2_7" (xml:id)
INFO    : *              located within: "transforming-sequences_tuples-are-immutable" (xml:id), "Tuples are Immutable" (title)
INFO    : *              located within: "transforming-sequences_tuples-are-immutable" (xml:id), "Tuples are Immutable" (title)
INFO    : *              located within: "transforming-sequences_tuples-are-immutable" (xml:id), "Tuples are Immutable" (title)
INFO    : *              located within: "ac9_3_1" (xml:id)
INFO    : *              located within: "transforming-sequences_objects-and-references" (xml:id), "Objects and References" (title)
INFO    : *              located within: "ac9_4_1" (xml:id)
INFO    : *              located within: "ac9_4_2" (xml:id)
INFO    : *              located within: "ac9_4_3" (xml:id)
INFO    : *              located within: "ac9_5_1" (xml:id)
INFO    : *              located within: "ac9_5_2" (xml:id)
INFO    : *              located within: "transforming-sequences_aliasing" (xml:id), "Aliasing" (title)
INFO    : *              located within: "transforming-sequences_aliasing" (xml:id), "Aliasing" (title)
INFO    : *              located within: "clens9_6_1" (xml:id)
INFO    : *              located within: "transforming-sequences_cloning-lists" (xml:id), "Cloning Lists" (title)
INFO    : *              located within: "ac9_7_1" (xml:id)
INFO    : *              located within: "ac9_7_2" (xml:id)
INFO    : *              located within: "transforming-sequences_list-methods" (xml:id), "List Methods" (title)
INFO    : *              located within: "clens9_8_1" (xml:id)
INFO    : *              located within: "clens9_8_2" (xml:id)
INFO    : *              located within: "clens9_8_3" (xml:id)
INFO    : *              located within: "transforming-sequences_append-versus-concatenate" (xml:id), "Append versus Concatenate" (title)
INFO    : *              located within: "ac9_8_1" (xml:id)
INFO    : *              located within: "clens9_8_4" (xml:id)
INFO    : *              located within: "ac9_8_2" (xml:id)
INFO    : *              located within: "ac9_8_3" (xml:id)
INFO    : *              located within: "ac9_8_4" (xml:id)
INFO    : *              located within: "transforming-sequences_append-versus-concatenate" (xml:id), "Append versus Concatenate" (title)
INFO    : *              located within: "ac9_9_1" (xml:id)
INFO    : *              located within: "ac9_9_2" (xml:id)
INFO    : *              located within: "ac9_9_3" (xml:id)
INFO    : *              located within: "transforming-sequences_non-mutating-methods-on-strings" (xml:id), "Non-mutating Methods on Strings" (title)
INFO    : *              located within: "transforming-sequences_non-mutating-methods-on-strings" (xml:id), "Non-mutating Methods on Strings" (title)
INFO    : *              located within: "ac9_9_4" (xml:id)
INFO    : *              located within: "ac9_9_5" (xml:id)
INFO    : *              located within: "ac9_9_6" (xml:id)
INFO    : *              located within: "ac9_9_7" (xml:id)
INFO    : *              located within: "ac9_9_8" (xml:id)
INFO    : *              located within: "ac9_9_9" (xml:id)
INFO    : *              located within: "ac9_9_10" (xml:id)
INFO    : *              located within: "transforming-sequences_string-format-method" (xml:id), "FStrings" (title)
INFO    : *              located within: "transforming-sequences_string-format-method" (xml:id), "FStrings" (title)
INFO    : *              located within: "ac9_10_1" (xml:id)
INFO    : *              located within: "transforming-sequences_the-accumulator-pattern-with-lists" (xml:id), "The Accumulator Pattern with Lists" (title)
INFO    : *              located within: "transforming-sequences_the-accumulator-pattern-with-lists" (xml:id), "The Accumulator Pattern with Lists" (title)
INFO    : *              located within: "ac9_10_2_editor" (xml:id)
INFO    : *              located within: "ac9_10_3_editor" (xml:id)
INFO    : *              located within: "ac9_10_4_editor" (xml:id)
INFO    : *              located within: "ac9_10_5_editor" (xml:id)
INFO    : *              located within: "ac9_11_1" (xml:id)
INFO    : *              located within: "transforming-sequences_the-accumulator-pattern-with-strings" (xml:id), "The Accumulator Pattern with Strings" (title)
INFO    : *              located within: "ac9_11_2_editor" (xml:id)
INFO    : *              located within: "ac9_11_6_editor" (xml:id)
INFO    : *              located within: "ac9_13_1" (xml:id)
INFO    : *              located within: "ac9_13_2" (xml:id)
INFO    : *              located within: "ac9_13_3" (xml:id)
INFO    : *              located within: "ac9_13_4" (xml:id)
INFO    : *              located within: "for loop traversal (for)" (title)
INFO    : *              located within: "ac10_1_1" (xml:id)
INFO    : *              located within: "clens10_1_1" (xml:id)
INFO    : *              located within: "ac10_1_2" (xml:id)
INFO    : *              located within: "clens10_1_2" (xml:id)
INFO    : *              located within: "clens10_1_3" (xml:id)
INFO    : *              located within: "ac10_1_3" (xml:id)
INFO    : *              located within: "ac10_1_4" (xml:id)
INFO    : *              located within: "clens10_1_4" (xml:id)
INFO    : *              located within: "ac10_1_5_editor" (xml:id)
INFO    : *              located within: "ac10_1_6_editor" (xml:id)
INFO    : *              located within: "nested-data_nested-dictionaries" (xml:id), "Nested Dictionaries" (title)
INFO    : *              located within: "ac10_2_1_editor" (xml:id)
INFO    : *              located within: "ac10_3_1" (xml:id)
INFO    : *              located within: "ac10_3_2" (xml:id)
INFO    : *              located within: "nested-data_processing-json-results" (xml:id), "Processing JSON results" (title)
INFO    : *              located within: "ac10_4_1" (xml:id)
INFO    : *              located within: "clens10_4_1" (xml:id)
INFO    : *              located within: "ac10_4_2_editor" (xml:id)
INFO    : *              located within: "ac10_4_3_editor" (xml:id)
INFO    : *              located within: "ac10_5_1" (xml:id)
INFO    : *              located within: "ac10_5_2" (xml:id)
INFO    : *              located within: "ac10_6_1" (xml:id)
INFO    : *              located within: "ac10_6_2" (xml:id)
INFO    : *              located within: "ac10_6_3" (xml:id)
INFO    : *              located within: "ac10_6_4" (xml:id)
INFO    : *              located within: "ac17_6_1_editor" (xml:id)
INFO    : *              located within: "ac17_6_2_editor" (xml:id)
INFO    : *              located within: "ac17_6_3_editor" (xml:id)
INFO    : *              located within: "ac17_6_4_editor" (xml:id)
INFO    : *              located within: "ac17_6_5_editor" (xml:id)
INFO    : *              located within: "ac17_6_6_editor" (xml:id)
INFO    : *              located within: "ac17_6_7_editor" (xml:id)
INFO    : *              located within: "ac17_6_8_editor" (xml:id)
INFO    : *              located within: "ac17_6_9_editor" (xml:id)
INFO    : *              located within: "ac11_2_1" (xml:id)
INFO    : *              located within: "ac11_3_1_editor" (xml:id)
INFO    : *              located within: "ac11_3_2_editor" (xml:id)
INFO    : *              located within: "ac11_4_1" (xml:id)
INFO    : *              located within: "ac11_4_2" (xml:id)
INFO    : *              located within: "ac11_4_3_editor" (xml:id)
INFO    : *              located within: "ac11_6_1" (xml:id)
INFO    : *              located within: "ac11_6_2" (xml:id)
INFO    : *              located within: "ac11_8_1" (xml:id)
INFO    : *              located within: "ac11_8_2" (xml:id)
INFO    : *              located within: "files_csv-format" (xml:id), "CSV Format" (title)
INFO    : *              located within: "ac11_10_1" (xml:id)
INFO    : *              located within: "ac11_12_1" (xml:id)
INFO    : *              located within: "ac11_12_3" (xml:id)
INFO    : *              located within: "ac11_12_2" (xml:id)
INFO    : *              located within: "ac11_14_1_editor" (xml:id)
INFO    : *              located within: "ac11_14_2_editor" (xml:id)
INFO    : *              located within: "ac11_14_3_editor" (xml:id)
INFO    : *              located within: "ac11_14_9_editor" (xml:id)
INFO    : *              located within: "exceptions_when-to-use-try-except" (xml:id), "Handling Exceptions" (title)
INFO    : *              located within: "When to use try/except" (title)
INFO    : *              located within: "When to use try/except" (title)
INFO    : *              located within: "When to use try/except" (title)
INFO    : *              located within: "exceptions_standard-exceptions79_index-0" (xml:id), "Standard Exceptions" (title)
INFO    : *              located within: "ac12_04_3_editor" (xml:id)
INFO    : *              located within: "ac12_04_4_editor" (xml:id)
INFO    : *              located within: "classes_user-defined-classes" (xml:id), "User Defined Classes" (title)
INFO    : *              located within: "ac13_3_1" (xml:id)
INFO    : *              located within: "ac13_3_2" (xml:id)
INFO    : *              located within: "classes_adding-parameters-to-the-constructor" (xml:id), "Adding Parameters to the Constructor" (title)
INFO    : *              located within: "ac13_4_1" (xml:id)
INFO    : *              located within: "ac13_5_1" (xml:id)
INFO    : *              located within: "ac13_5_2" (xml:id)
INFO    : *              located within: "ac13_5_3" (xml:id)
INFO    : *              located within: "ac13_6_1" (xml:id)
INFO    : *              located within: "ac13_6_2" (xml:id)
INFO    : *              located within: "ac13_7_1" (xml:id)
INFO    : *              located within: "ac13_7_2" (xml:id)
INFO    : *              located within: "ac13_7_3" (xml:id)
INFO    : *              located within: "ac13_8_1" (xml:id)
INFO    : *              located within: "ac13_9_1" (xml:id)
INFO    : *              located within: "ac13_11_1" (xml:id)
INFO    : *              located within: "ac13_11_2" (xml:id)
INFO    : *              located within: "ac13_11_3" (xml:id)
INFO    : *              located within: "ac13_13_1_editor" (xml:id)
INFO    : *              located within: "ac13_13_2_editor" (xml:id)
INFO    : *              located within: "ac13_13_3_editor" (xml:id)
INFO    : *              located within: "additional_resources-books-bookshelves" (xml:id), "Comprehensive Practice Program: Books and Bookshelves" (title)
INFO    : *              located within: "additonal_resources-books-bookshelves-confirming-books" (xml:id), "Confirming Book Data" (title)
INFO    : *              located within: "additonal_resources-books-bookshelves-adding-more-books" (xml:id), "Filling Up Bookshelves" (title)
INFO    : * --------------
WARNING : * PTX:WARNING: Unstructured content within a list item is being ignored ("You may string words together to make a helpful variable name.")
INFO    : *              located within: "simple-python-data_variable-names-and-keywords" (xml:id), "Variable Names and Keywords" (title)
INFO    : successful application of /Users/shaunak/.ptx/2.25.1/core/xsl/pretext-html.xsl
INFO    : Removing temporary directory /var/folders/h_/gmm53yx52bd4xx571db4b1k40000gn/T/ptx-tb5v5a11
INFO    : Removing temporary directory /var/folders/h_/gmm53yx52bd4xx571db4b1k40000gn/T/ptx-7v99mj3g
INFO    : 
Finished build for target web. Run `pretext view web` to see the results.

INFO    : 
Success!  Built requested target(s) without errors.

INFO    : 
